
2018-02-19 15:35:00 # Неправильный формат url-картинки! URL = s:0:"";
2018-02-19 15:35:08 # Неправильный формат url-картинки! URL = s:0:"";
2018-02-19 15:36:12 # Неправильный формат url-картинки! URL = s:0:"";
2018-02-19 15:36:31 # Неправильный формат url-картинки! URL = s:0:"";
2018-02-19 15:37:04 # Неправильный формат url-картинки! URL = s:0:"";
2018-02-19 15:39:11 # Неправильный формат url-картинки! URL = s:0:"";
2018-02-19 15:41:38 # Неправильный формат url-картинки! URL = s:0:"";
2018-02-19 15:43:20 # Неправильный формат url-картинки! URL = s:0:"";PRODUCT_ID = PRODUCT_NAME = 
2018-02-19 15:45:30 # Неправильный формат url-картинки! URL = s:0:"";POST = a:7:{s:4:"name";s:48:"Сумка Prada  Артикул: 98528 WINE RED";s:5:"price";s:5:"1 200";s:10:"categories";s:40:"Брендовые сумки оптом";s:5:"image";s:0:"";s:6:"images";s:447:"/upload/iblock/c02/c0275c0a7e3516dbd43675568e4131b2.jpg|/upload/iblock/044/04400fbf89972e1db3cf5cccf8c28e5d.jpg|/upload/iblock/833/833b76a201b2cf1ac86c4020852078ac.jpg|/upload/iblock/b9b/b9bb7cd6e12536314e51a7f4d81b86de.jpg|/upload/iblock/39c/39c1dbaa739ca2bcdf26b93dcbbf793b.jpg|/upload/iblock/283/283b38340ec4a5d44b6a7578b9830d78.jpg|/upload/iblock/a0c/a0ccfcf56c60004d693322dab34c897f.jpg|/upload/iblock/3a1/3a1945556fc116915036403661eb077e.jpg";s:11:"description";s:44:"размеры 20*14*7 ремень 50 см.";s:5:"model";s:4:"DYKW";}
2018-02-19 15:48:35 # Неправильный формат url-картинки! URL = s:0:"";POST = a:7:{s:4:"name";s:31:"Сумка Michael Kors 28001-7";s:5:"price";s:5:"1 100";s:10:"categories";s:40:"Брендовые сумки оптом";s:5:"image";s:0:"";s:6:"images";s:223:"/upload/iblock/115/1153385abc4eac718579cbfdbcbf8de2.jpg|/upload/iblock/3bb/3bb019171592512024f5ce6ff88066be.jpg|/upload/iblock/3b6/3b6e5afa205150077ab2a7ad6ae6b132.jpg|/upload/iblock/bf4/bf4ff51acfaa7a935a7c3e0c728f31fc.jpg";s:11:"description";s:42:"размеры 31*24*11 ручки 16 см";s:5:"model";s:4:"QIBD";}
2018-02-19 15:48:43 # Неправильный формат url-картинки! URL = s:0:"";POST = a:7:{s:4:"name";s:26:"Сумка Kate Spade 8318";s:5:"price";s:3:"999";s:10:"categories";s:40:"Брендовые сумки оптом";s:5:"image";s:0:"";s:6:"images";s:223:"/upload/iblock/12b/12bcfb6839d291c0cebd007c663b65f7.jpg|/upload/iblock/f0f/f0f1a4b5ea66980b306a87f1db7953ad.jpg|/upload/iblock/850/8509743528f5a60a6be0cdc79fff6ad8.jpg|/upload/iblock/d03/d03db6de8ffb5b945509b9a330c94966.jpg";s:11:"description";s:0:"";s:5:"model";s:4:"RADD";}
2018-02-19 15:49:52 # Неправильный формат url-картинки! URL = s:0:"";POST = a:7:{s:4:"name";s:22:"Сумка Fendi 3089A";s:5:"price";s:5:"1 475";s:10:"categories";s:40:"Брендовые сумки оптом";s:5:"image";s:0:"";s:6:"images";s:447:"/upload/iblock/8f9/8f970157dbd2e3ec0de39454b2c07b23.jpg|/upload/iblock/81f/81fd11e867ab727f522969818d034b33.jpg|/upload/iblock/431/431da1faad8931a7c219b37fc090e4c1.jpg|/upload/iblock/947/947bb58fe33f9a9b4d634b41c6cfa87e.jpg|/upload/iblock/ab6/ab669999a6f8439bae518d3627b58708.jpg|/upload/iblock/062/06234da6cf0ea6799b6d9d5207afc91e.jpg|/upload/iblock/575/575df29198e6286dccdef060dc80e807.jpg|/upload/iblock/566/5664bdfec3be0f0ac8a5d9cf607099c1.jpg";s:11:"description";s:0:"";s:5:"model";s:4:"IHDD";}
2018-02-19 15:50:18 # Неправильный формат url-картинки! URL = s:0:"";POST = a:7:{s:4:"name";s:41:"Сумка Valentino артикул L8153";s:5:"price";s:3:"999";s:10:"categories";s:40:"Брендовые сумки оптом";s:5:"image";s:0:"";s:6:"images";s:223:"/upload/iblock/210/21076b335808b953df42db5e2b97976d.jpg|/upload/iblock/f76/f762f1e59d4afc277397f585dd3197f4.jpg|/upload/iblock/2cb/2cb90d26b7d1b43a4b7fc8f5f8995274.jpg|/upload/iblock/df1/df16d98c33f4a90b56cfea5cb936857d.jpg";s:11:"description";s:90:"Размеры 24*16*8<br />
Ремень 59 см<br />
Материал: Экокожа";s:5:"model";s:4:"CDPL";}
2018-02-19 15:51:06 # Неправильный формат url-картинки! URL = s:0:"";POST = a:7:{s:4:"name";s:21:"Сумка Fendi 3089";s:5:"price";s:5:"1 475";s:10:"categories";s:40:"Брендовые сумки оптом";s:5:"image";s:0:"";s:6:"images";s:391:"/upload/iblock/4bf/4bf63b87d9ab5dcaf804935e61541988.jpg|/upload/iblock/d92/d9211bd2481a207431c8ef33fe268403.jpg|/upload/iblock/227/2277b6b06bead11049cc9d590939fc1b.jpg|/upload/iblock/67f/67ff86fbde4a02030f4ce2998b863b86.jpg|/upload/iblock/8b8/8b81e9ccd908c48007f65d4a5aad99c1.jpg|/upload/iblock/320/320b81bf89d885f2a77453d70c5813a0.jpg|/upload/iblock/e1d/e1d3a53d44c8218f1db4248ee11a8857.jpg";s:11:"description";s:0:"";s:5:"model";s:4:"NOAH";}
2018-02-19 15:53:03 # Неправильный формат url-картинки! URL = s:0:"";POST = a:7:{s:4:"name";s:25:"Рюкзак Fendi 572red";s:5:"price";s:5:"1 100";s:10:"categories";s:40:"Брендовые сумки оптом";s:5:"image";s:0:"";s:6:"images";s:279:"/upload/iblock/2da/2da0c4a7a6105d53c3a3b8c66362cb26.jpg|/upload/iblock/365/365a3888298d0b38aced910a5015c6dc.jpg|/upload/iblock/751/75156cda2cb831a93b87ff5845e9948f.jpg|/upload/iblock/73d/73d895f4179fb64345c87c40fc9e6fd4.jpg|/upload/iblock/43e/43e0b0ed6833d385e5684a235e2da30f.jpg";s:11:"description";s:49:"FENDI артикул F572 размеры 21*26*13";s:5:"model";s:4:"MLQA";}
2018-02-19 15:55:29 # Неправильный формат url-картинки! URL = s:0:"";POST = a:7:{s:4:"name";s:31:"Сумка Michael Kors 28001-8";s:5:"price";s:5:"1 100";s:10:"categories";s:40:"Брендовые сумки оптом";s:5:"image";s:0:"";s:6:"images";s:223:"/upload/iblock/f29/f29e7451a925c387ddb0da518213e992.jpg|/upload/iblock/975/975abd019b8bbf1212a3d3747b8203ec.jpg|/upload/iblock/2b7/2b70924db208a2b8eb64dfd733be8e66.jpg|/upload/iblock/2e1/2e1d582ae1cfce257a5c0eb1af9f0f9e.jpg";s:11:"description";s:42:"размеры 31*24*11 ручки 16 см";s:5:"model";s:4:"WSUO";}
2018-02-19 15:56:34 # Неправильный формат url-картинки! URL = s:0:"";POST = a:7:{s:4:"name";s:35:"Сумка Michael Kors 28001 black";s:5:"price";s:5:"1 100";s:10:"categories";s:40:"Брендовые сумки оптом";s:5:"image";s:0:"";s:6:"images";s:223:"/upload/iblock/b2c/b2c046efb14732dcf67fa76927f5e1ff.jpg|/upload/iblock/7dc/7dcdddaa06109968bc71e73f01fd7fa1.jpg|/upload/iblock/008/0080cd9b0422cf0e5c405cd50e3f1eab.jpg|/upload/iblock/ebb/ebb3317b966b92af39b0a197975657d0.jpg";s:11:"description";s:293:"Материал: экокожа<br />
Тип застежки:    молния<br />
Подкладка:    да<br />
Наплечный ремень: да<br />
Ручка:    да<br />
Высота:    24.0 (см)<br />
Длина:    31.0 (см)<br />
Ширина:    11.0 (см)";s:5:"model";s:4:"MWYX";}
2018-02-19 15:58:18 # Неправильный формат url-картинки! URL = s:0:"";POST = a:7:{s:4:"name";s:48:"Сумка Prada  Артикул: 98528 WINE RED";s:5:"price";s:5:"1 200";s:10:"categories";s:40:"Брендовые сумки оптом";s:5:"image";s:0:"";s:6:"images";s:447:"/upload/iblock/c02/c0275c0a7e3516dbd43675568e4131b2.jpg|/upload/iblock/044/04400fbf89972e1db3cf5cccf8c28e5d.jpg|/upload/iblock/833/833b76a201b2cf1ac86c4020852078ac.jpg|/upload/iblock/b9b/b9bb7cd6e12536314e51a7f4d81b86de.jpg|/upload/iblock/39c/39c1dbaa739ca2bcdf26b93dcbbf793b.jpg|/upload/iblock/283/283b38340ec4a5d44b6a7578b9830d78.jpg|/upload/iblock/a0c/a0ccfcf56c60004d693322dab34c897f.jpg|/upload/iblock/3a1/3a1945556fc116915036403661eb077e.jpg";s:11:"description";s:44:"размеры 20*14*7 ремень 50 см.";s:5:"model";s:4:"DYKW";}
