2017-10-31 13:03:08 #  # 
2017-10-31 13:23:06 #  # 
2017-10-31 13:25:40 #  # 
2017-10-31 13:27:47 #  # 
2017-10-31 13:39:01 #  # 
2017-10-31 13:40:19 #  # The problem with NAME
2017-10-31 13:41:12 # The problem with NAME
2017-10-31 13:58:56 # Тест
2017-10-31 14:07:54 # Тест
2017-10-31 14:10:09 # Тест
2017-10-31 14:21:40 # Тест
2017-10-31 14:22:20 # Тест
2017-10-31 14:27:20 # Тест
2017-10-31 14:30:34 # Тест
2017-10-31 14:31:55 # Тест
2017-10-31 14:33:49 # Тест
2017-10-31 14:37:59 # Тест
2017-10-31 14:39:49 # Тест
2017-10-31 14:40:12 # Тест
2017-10-31 14:40:34 # Тест
2017-10-31 15:02:36 # Тест
2017-10-31 15:05:10 # Тест
2017-10-31 15:09:05 # Параметр model не должен быть пустой!
2017-10-31 15:09:39 # Параметр model не должен быть пустой!
2017-10-31 15:10:47 # Параметр model не должен быть пустой!<br>model=<br>
2017-10-31 15:12:19 # Параметр model не должен быть пустой!<br>model=<br>
2017-10-31 15:16:46 # Параметр model не должен быть пустой!<br>model=<br>
2017-10-31 17:19:24 # Не указано имя. name=<br>
2017-10-31 17:19:49 # Не указано имя. name=<br>
2017-10-31 17:20:35 # Не указано имя. name=<br>
2017-10-31 17:22:02 # Не указано имя. name=<br>
2017-10-31 17:25:48 # Не указано имя. name=<br>
2017-10-31 18:09:55 # Не указано имя. name=<br>
2017-10-31 19:33:50 # Не указано имя. name=<br>
